<?xml version="1.0" encoding="UTF-8"?>
<!-- Generated by org.testng.reporters.JUnitXMLReporter -->
<testsuite ignored="0" hostname="LAPTOP-2Q5AHFQA" failures="0" tests="5" name="Test" time="5.857" errors="0" timestamp="2023-05-25T20:05:19 IST">
  <testcase classname="testNg.Testngclass1" name="method1" time="0.011"/>
  <testcase classname="testNg.Testclass1" name="TC_01verifyloginfunctionality" time="0.012"/>
  <testcase classname="projectclassses.AddtocartTestclass" name="verifyAddtocartTestclass" time="4.934"/>
  <testcase classname="testNg.Testclass1" name="TC_03verifyaddtocartfunctionality" time="0.089"/>
  <testcase classname="testNg.Testclass1" name="TC_02verifylogoutfunctionality" time="0.012"/>
</testsuite> <!-- Test -->
