<?xml version="1.0" encoding="UTF-8"?>
<!-- Generated by org.testng.reporters.JUnitXMLReporter -->
<testsuite ignored="0" hostname="LAPTOP-2Q5AHFQA" failures="0" tests="3" name="Test" time="5.909" errors="0" timestamp="2023-05-26T13:48:41 IST">
  <testcase classname="testNg.Testclass1" name="TC_01verifyloginfunctionality" time="0.013"/>
  <testcase classname="testNg.Testclass1" name="TC_03verifyaddtocartfunctionality" time="0.087"/>
  <testcase classname="testNg.Testclass1" name="TC_02verifylogoutfunctionality" time="0.014"/>
</testsuite> <!-- Test -->
