<?xml version="1.0" encoding="UTF-8"?>
<!-- Generated by org.testng.reporters.JUnitXMLReporter -->
<testsuite ignored="0" hostname="LAPTOP-2Q5AHFQA" failures="0" tests="3" name="Lowpriority" time="10.343" errors="0" timestamp="2023-05-26T13:53:07 IST">
  <testcase classname="projectclassses.Logouttestcaseclass" name="verifyLogouttestcasefunctionality" time="5.036"/>
  <testcase classname="projectclassses.TestcaseclassLogin" name="verifyloginfunctionality" time="2.523"/>
  <testcase classname="testNg.Testnganootaions" name="verifyaddtocartfunctionality" time="0.166"/>
</testsuite> <!-- Lowpriority -->
