<?xml version="1.0" encoding="UTF-8"?>
<testng-results ignored="0" total="3" passed="3" failed="0" skipped="0">
  <reporter-output>
  </reporter-output>
  <suite started-at="2023-05-26T14:05:38 IST" name="Failed suite [Failed suite [Failed suite [Failed suite [Sanity]]]]" finished-at="2023-05-26T14:05:44 IST" duration-ms="5538">
    <groups>
    </groups>
    <test started-at="2023-05-26T14:05:38 IST" name="Highpriority(failed)(failed)(failed)(failed)" finished-at="2023-05-26T14:05:44 IST" duration-ms="5538">
      <class name="testNg.Testclass1">
        <test-method is-config="true" signature="login()[pri:0, instance:testNg.Testclass1@3ee37e5a]" started-at="2023-05-26T14:05:38 IST" name="login" finished-at="2023-05-26T14:05:41 IST" duration-ms="3334" status="PASS">
          <reporter-output>
          </reporter-output>
        </test-method> <!-- login -->
        <test-method is-config="true" signature="enteridpass()[pri:0, instance:testNg.Testclass1@3ee37e5a]" started-at="2023-05-26T14:05:41 IST" name="enteridpass" finished-at="2023-05-26T14:05:42 IST" duration-ms="343" status="PASS">
          <reporter-output>
          </reporter-output>
        </test-method> <!-- enteridpass -->
        <test-method signature="TC_01verifyloginfunctionality()[pri:1, instance:testNg.Testclass1@3ee37e5a]" started-at="2023-05-26T14:05:42 IST" name="TC_01verifyloginfunctionality" finished-at="2023-05-26T14:05:42 IST" duration-ms="16" status="PASS">
          <reporter-output>
          </reporter-output>
        </test-method> <!-- TC_01verifyloginfunctionality -->
        <test-method is-config="true" signature="logout()[pri:0, instance:testNg.Testclass1@3ee37e5a]" started-at="2023-05-26T14:05:42 IST" name="logout" finished-at="2023-05-26T14:05:42 IST" duration-ms="254" status="PASS">
          <reporter-output>
          </reporter-output>
        </test-method> <!-- logout -->
        <test-method is-config="true" signature="enteridpass()[pri:0, instance:testNg.Testclass1@3ee37e5a]" started-at="2023-05-26T14:05:42 IST" name="enteridpass" finished-at="2023-05-26T14:05:42 IST" duration-ms="315" status="PASS">
          <reporter-output>
          </reporter-output>
        </test-method> <!-- enteridpass -->
        <test-method signature="TC_03verifyaddtocartfunctionality()[pri:2, instance:testNg.Testclass1@3ee37e5a]" started-at="2023-05-26T14:05:42 IST" name="TC_03verifyaddtocartfunctionality" finished-at="2023-05-26T14:05:42 IST" duration-ms="158" status="PASS">
          <reporter-output>
          </reporter-output>
        </test-method> <!-- TC_03verifyaddtocartfunctionality -->
        <test-method is-config="true" signature="logout()[pri:0, instance:testNg.Testclass1@3ee37e5a]" started-at="2023-05-26T14:05:42 IST" name="logout" finished-at="2023-05-26T14:05:43 IST" duration-ms="239" status="PASS">
          <reporter-output>
          </reporter-output>
        </test-method> <!-- logout -->
        <test-method is-config="true" signature="enteridpass()[pri:0, instance:testNg.Testclass1@3ee37e5a]" started-at="2023-05-26T14:05:43 IST" name="enteridpass" finished-at="2023-05-26T14:05:43 IST" duration-ms="372" status="PASS">
          <reporter-output>
          </reporter-output>
        </test-method> <!-- enteridpass -->
        <test-method signature="TC_02verifylogoutfunctionality()[pri:3, instance:testNg.Testclass1@3ee37e5a]" started-at="2023-05-26T14:05:43 IST" name="TC_02verifylogoutfunctionality" finished-at="2023-05-26T14:05:43 IST" duration-ms="13" status="PASS">
          <reporter-output>
          </reporter-output>
        </test-method> <!-- TC_02verifylogoutfunctionality -->
        <test-method is-config="true" signature="logout()[pri:0, instance:testNg.Testclass1@3ee37e5a]" started-at="2023-05-26T14:05:43 IST" name="logout" finished-at="2023-05-26T14:05:43 IST" duration-ms="207" status="PASS">
          <reporter-output>
          </reporter-output>
        </test-method> <!-- logout -->
        <test-method is-config="true" signature="teardown()[pri:0, instance:testNg.Testclass1@3ee37e5a]" started-at="2023-05-26T14:05:43 IST" name="teardown" finished-at="2023-05-26T14:05:44 IST" duration-ms="237" status="PASS">
          <reporter-output>
          </reporter-output>
        </test-method> <!-- teardown -->
      </class> <!-- testNg.Testclass1 -->
    </test> <!-- Highpriority(failed)(failed)(failed)(failed) -->
  </suite> <!-- Failed suite [Failed suite [Failed suite [Failed suite [Sanity]]]] -->
</testng-results>
